V2 startup. Logfile initialized.
Sys: Initializing keyboard handler.... OK
Sys: Initializing timer. Set 100hz.... OK
Sys: Initializing music system.... OK
... OK
Initialize console.Could not open GIF file console.gif.
... OK
Initializing VC interpreter
system vclib init: 20 funcs, 51 ints (2668 bytes), 1 strings
Loading MAP intro.map. [1] ... OK
vfree: Attempted to free ptr 0x01FE1490 that was not allocated. [dumping mem report]

========================================
= Memory usage report for this session =
========================================
Chunks currently allocated: 11 (MAXCHUNKS 1000)
287187 total bytes allocated. 
PARANOID is ON. (pad size: 256 pad value: 254)

Per-chunk analysis: 
[  0] Ptr at: 0x01FC2CC8 size:     2000 owner:   0 desc: strbuf
[  1] Ptr at: 0x01FD0138 size:    64000 owner:   0 desc: vscreen
[  2] Ptr at: 0x01FF0138 size:    65536 owner:   3 desc: translucency_table
[  3] Ptr at: 0x01FE2290 size:     2448 owner:   5 desc: LoadSystemVC$vars
[  4] Ptr at: 0x01FE2E28 size:     1520 owner:   5 desc: LoadSystemVC$funcs
[  5] Ptr at: 0x01FE3620 size:       48 owner:   5 desc: LoadSystemVC$str
[  6] Ptr at: 0x01FE3858 size:    13427 owner:   5 desc: LoadSystemCode$sysvc
[  7] Ptr at: 0x01FE6ED0 size:     2668 owner:   5 desc: globalint
[  8] Ptr at: 0x02010138 size:     6000 owner:   5 desc: vcstack
[  9] Ptr at: 0x02020138 size:    65536 owner:   5 desc: movescriptbuf
[ 10] Ptr at: 0x020B0138 size:    64004 owner:   2 desc: Image_LoadPCXBuf:buf
Loading MAP 01.MAP. [2] ... OK
8 8 8 80
VC allocating 64000 bytes, ptr at 0x02120138.
Sys: Exiting with message: 
